Build started 2/27/2015 1:42:01 AM.
     1>Project "c:\Users\pedersen-pc\documents\visual studio 2010\Projects\BMPFile\BMPFile\BMPFile.vcxproj" on node 2 (build target(s)).
     1>InitializeBuildStatus:
         Creating "Debug\BMPFile.unsuccessfulbuild" because "AlwaysCreate" was specified.
       ClCompile:
         c:\Program Files (x86)\Microsoft Visual Studio 10.0\VC\bin\CL.exe /c /ZI /nologo /W3 /WX- /Od /Oy- /D _MBCS /Gm /EHsc /RTC1 /MDd /GS /fp:precise /Zc:wchar_t /Zc:forScope /Fo"Debug\\" /Fd"Debug\vc100.pdb" /Gd /TP /analyze- /errorReport:prompt HexTranslator.cpp Main.cpp
         Main.cpp
     1>c:\users\pedersen-pc\documents\visual studio 2010\projects\bmpfile\bmpfile\main.cpp(67): warning C4018: '<' : signed/unsigned mismatch
     1>c:\users\pedersen-pc\documents\visual studio 2010\projects\bmpfile\bmpfile\main.cpp(72): warning C4018: '<' : signed/unsigned mismatch
     1>c:\users\pedersen-pc\documents\visual studio 2010\projects\bmpfile\bmpfile\main.cpp(77): warning C4018: '<' : signed/unsigned mismatch
     1>c:\users\pedersen-pc\documents\visual studio 2010\projects\bmpfile\bmpfile\main.cpp(85): warning C4996: 'fopen': This function or variable may be unsafe. Consider using fopen_s instead. To disable deprecation, use _CRT_SECURE_NO_WARNINGS. See online help for details.
                 c:\program files (x86)\microsoft visual studio 10.0\vc\include\stdio.h(234) : see declaration of 'fopen'
         HexTranslator.cpp
         Generating Code...
       Link:
         c:\Program Files (x86)\Microsoft Visual Studio 10.0\VC\bin\link.exe /ERRORREPORT:PROMPT /OUT:"c:\users\pedersen-pc\documents\visual studio 2010\Projects\BMPFile\Debug\BMPFile.exe" /NOLOGO kernel32.lib user32.lib gdi32.lib winspool.lib comdlg32.lib advapi32.lib shell32.lib ole32.lib oleaut32.lib uuid.lib odbc32.lib odbccp32.lib /MANIFEST /ManifestFile:"Debug\BMPFile.exe.intermediate.manifest" /MANIFESTUAC:"level='asInvoker' uiAccess='false'" /DEBUG /PDB:"c:\users\pedersen-pc\documents\visual studio 2010\Projects\BMPFile\Debug\BMPFile.pdb" /TLBID:1 /DYNAMICBASE /NXCOMPAT /IMPLIB:"c:\users\pedersen-pc\documents\visual studio 2010\Projects\BMPFile\Debug\BMPFile.lib" /MACHINE:X86 Debug\HexTranslator.obj
         Debug\Main.obj
         LINK : c:\users\pedersen-pc\documents\visual studio 2010\Projects\BMPFile\Debug\BMPFile.exe not found or not built by the last incremental link; performing full link
         BMPFile.vcxproj -> c:\users\pedersen-pc\documents\visual studio 2010\Projects\BMPFile\Debug\BMPFile.exe
       Manifest:
         C:\Program Files (x86)\Microsoft SDKs\Windows\v7.0A\bin\mt.exe /nologo /verbose /outputresource:"c:\users\pedersen-pc\documents\visual studio 2010\Projects\BMPFile\Debug\BMPFile.exe;#1" /manifest Debug\BMPFile.exe.intermediate.manifest
       FinalizeBuildStatus:
         Deleting file "Debug\BMPFile.unsuccessfulbuild".
         Touching "Debug\BMPFile.lastbuildstate".
     1>Done Building Project "c:\Users\pedersen-pc\documents\visual studio 2010\Projects\BMPFile\BMPFile\BMPFile.vcxproj" (build target(s)).

Build succeeded.

Time Elapsed 00:00:01.50
